<?xml version="1.0" encoding="UTF-8"?>
<!-- Generated by org.testng.reporters.JUnitReportReporter -->
<testsuite hostname="abdulraheemPC" failures="0" tests="6" name="MobileTesting.MyTestCases" time="12.993" errors="0" timestamp="2025-07-28T21:16:50 EET" skipped="5">
  <testcase classname="MobileTesting.MyTestCases" name="pressOnEvenNumbersOnly" time="12.993"/>
  <testcase classname="MobileTesting.MyTestCases" name="pressOnAllNumbers">
    <skipped/>
  </testcase> <!-- pressOnAllNumbers -->
  <testcase classname="MobileTesting.MyTestCases" name="pressonEvenNumbers">
    <skipped/>
  </testcase> <!-- pressonEvenNumbers -->
  <testcase classname="MobileTesting.MyTestCases" name="myFirsttest">
    <skipped/>
  </testcase> <!-- myFirsttest -->
  <testcase classname="MobileTesting.MyTestCases" name="pressonEvenNumbers2">
    <skipped/>
  </testcase> <!-- pressonEvenNumbers2 -->
  <testcase classname="MobileTesting.MyTestCases" name="pressOnAllButtons">
    <skipped/>
  </testcase> <!-- pressOnAllButtons -->
</testsuite> <!-- MobileTesting.MyTestCases -->
